Vivado Simulator v2022.2.2
Copyright 1986-1999, 2001-2022 Xilinx, Inc. All Rights Reserved.
Running: C:/Xilinx/Vivado/2022.2/bin/unwrapped/win64.o/xelab.exe --incr --debug typical --relax --mt 2 -L xil_defaultlib -L unisims_ver -L unimacro_ver -L secureip --snapshot tb_top_behav xil_defaultlib.tb_top xil_defaultlib.glbl -log elaborate.log 
Using 2 slave threads.
Starting static elaboration
Pass Through NonSizing Optimizer
Completed static elaboration
Starting simulation data flow analysis
WARNING: [XSIM 43-4099] "C:/Hung/Viettel/Stage2/ML-KEM/NTT/top.v" Line 1. Module top doesn't have a timescale but at least one module in design has a timescale.
WARNING: [XSIM 43-4099] "C:/Hung/Viettel/Stage2/ML-KEM/NTT/MyBootRom.v" Line 1. Module MyBootROM doesn't have a timescale but at least one module in design has a timescale.
WARNING: [XSIM 43-4099] "C:/Hung/Viettel/Stage2/ML-KEM/NTT/bram.v" Line 1. Module bram_default doesn't have a timescale but at least one module in design has a timescale.
WARNING: [XSIM 43-4099] "C:/Hung/Viettel/Stage2/ML-KEM/NTT/AddressGenerator.v" Line 1. Module AddressGenerator doesn't have a timescale but at least one module in design has a timescale.
WARNING: [XSIM 43-4099] "C:/Hung/Viettel/Stage2/ML-KEM/NTT/bu_ntt.v" Line 1. Module bu_ntt doesn't have a timescale but at least one module in design has a timescale.
WARNING: [XSIM 43-4099] "C:/Hung/Viettel/Stage2/ML-KEM/NTT/barret.v" Line 1. Module barret doesn't have a timescale but at least one module in design has a timescale.
WARNING: [XSIM 43-4099] "C:/Hung/Viettel/Stage2/ML-KEM/NTT/barret.v" Line 1. Module barret doesn't have a timescale but at least one module in design has a timescale.
WARNING: [XSIM 43-4099] "C:/Hung/Viettel/Stage2/ML-KEM/NTT/barret.v" Line 1. Module barret doesn't have a timescale but at least one module in design has a timescale.
WARNING: [XSIM 43-4099] "C:/Hung/Viettel/Stage2/ML-KEM/NTT/mul.v" Line 1. Module mul_default doesn't have a timescale but at least one module in design has a timescale.
WARNING: [XSIM 43-4099] "C:/Hung/Viettel/Stage2/ML-KEM/NTT/BoothDecode.v" Line 1. Module BoothDecode doesn't have a timescale but at least one module in design has a timescale.
WARNING: [XSIM 43-4099] "C:/Hung/Viettel/Stage2/ML-KEM/NTT/BoothDecode.v" Line 1. Module BoothDecode doesn't have a timescale but at least one module in design has a timescale.
WARNING: [XSIM 43-4099] "C:/Hung/Viettel/Stage2/ML-KEM/NTT/BoothDecode.v" Line 1. Module BoothDecode doesn't have a timescale but at least one module in design has a timescale.
WARNING: [XSIM 43-4099] "C:/Hung/Viettel/Stage2/ML-KEM/NTT/BoothDecode.v" Line 1. Module BoothDecode doesn't have a timescale but at least one module in design has a timescale.
WARNING: [XSIM 43-4099] "C:/Hung/Viettel/Stage2/ML-KEM/NTT/BoothDecode.v" Line 1. Module BoothDecode doesn't have a timescale but at least one module in design has a timescale.
WARNING: [XSIM 43-4099] "C:/Hung/Viettel/Stage2/ML-KEM/NTT/BoothDecode.v" Line 1. Module BoothDecode doesn't have a timescale but at least one module in design has a timescale.
WARNING: [XSIM 43-4099] "C:/Hung/Viettel/Stage2/ML-KEM/NTT/BoothDecode.v" Line 1. Module BoothDecode doesn't have a timescale but at least one module in design has a timescale.
WARNING: [XSIM 43-4099] "C:/Hung/Viettel/Stage2/ML-KEM/NTT/BoothDecode.v" Line 1. Module BoothDecode doesn't have a timescale but at least one module in design has a timescale.
WARNING: [XSIM 43-4099] "C:/Hung/Viettel/Stage2/ML-KEM/NTT/bu_intt.v" Line 1. Module bu_intt doesn't have a timescale but at least one module in design has a timescale.
WARNING: [XSIM 43-4099] "C:/Hung/Viettel/Stage2/ML-KEM/NTT/barret.v" Line 1. Module barret doesn't have a timescale but at least one module in design has a timescale.
WARNING: [XSIM 43-4099] "C:/Hung/Viettel/Stage2/ML-KEM/NTT/barret.v" Line 1. Module barret doesn't have a timescale but at least one module in design has a timescale.
WARNING: [XSIM 43-4099] "C:/Hung/Viettel/Stage2/ML-KEM/NTT/barret.v" Line 1. Module barret doesn't have a timescale but at least one module in design has a timescale.
WARNING: [XSIM 43-4099] "C:/Hung/Viettel/Stage2/ML-KEM/NTT/mul.v" Line 1. Module mul_default doesn't have a timescale but at least one module in design has a timescale.
WARNING: [XSIM 43-4099] "C:/Hung/Viettel/Stage2/ML-KEM/NTT/BoothDecode.v" Line 1. Module BoothDecode doesn't have a timescale but at least one module in design has a timescale.
WARNING: [XSIM 43-4099] "C:/Hung/Viettel/Stage2/ML-KEM/NTT/BoothDecode.v" Line 1. Module BoothDecode doesn't have a timescale but at least one module in design has a timescale.
WARNING: [XSIM 43-4099] "C:/Hung/Viettel/Stage2/ML-KEM/NTT/BoothDecode.v" Line 1. Module BoothDecode doesn't have a timescale but at least one module in design has a timescale.
WARNING: [XSIM 43-4099] "C:/Hung/Viettel/Stage2/ML-KEM/NTT/BoothDecode.v" Line 1. Module BoothDecode doesn't have a timescale but at least one module in design has a timescale.
WARNING: [XSIM 43-4099] "C:/Hung/Viettel/Stage2/ML-KEM/NTT/BoothDecode.v" Line 1. Module BoothDecode doesn't have a timescale but at least one module in design has a timescale.
WARNING: [XSIM 43-4099] "C:/Hung/Viettel/Stage2/ML-KEM/NTT/BoothDecode.v" Line 1. Module BoothDecode doesn't have a timescale but at least one module in design has a timescale.
WARNING: [XSIM 43-4099] "C:/Hung/Viettel/Stage2/ML-KEM/NTT/BoothDecode.v" Line 1. Module BoothDecode doesn't have a timescale but at least one module in design has a timescale.
WARNING: [XSIM 43-4099] "C:/Hung/Viettel/Stage2/ML-KEM/NTT/BoothDecode.v" Line 1. Module BoothDecode doesn't have a timescale but at least one module in design has a timescale.
WARNING: [XSIM 43-4099] "C:/Hung/Viettel/Stage2/ML-KEM/NTT/normalize_output.v" Line 1. Module normalize_output doesn't have a timescale but at least one module in design has a timescale.
WARNING: [XSIM 43-4099] "C:/Hung/Viettel/Stage2/ML-KEM/NTT/barret.v" Line 1. Module barret doesn't have a timescale but at least one module in design has a timescale.
WARNING: [XSIM 43-4099] "C:/Hung/Viettel/Stage2/ML-KEM/NTT/barret.v" Line 1. Module barret doesn't have a timescale but at least one module in design has a timescale.
WARNING: [XSIM 43-4099] "C:/Hung/Viettel/Stage2/ML-KEM/NTT/top.v" Line 1. Module top doesn't have a timescale but at least one module in design has a timescale.
WARNING: [XSIM 43-4099] "C:/Hung/Viettel/Stage2/ML-KEM/NTT/MyBootRom.v" Line 1. Module MyBootROM doesn't have a timescale but at least one module in design has a timescale.
WARNING: [XSIM 43-4099] "C:/Hung/Viettel/Stage2/ML-KEM/NTT/bram.v" Line 1. Module bram_default doesn't have a timescale but at least one module in design has a timescale.
WARNING: [XSIM 43-4099] "C:/Hung/Viettel/Stage2/ML-KEM/NTT/AddressGenerator.v" Line 1. Module AddressGenerator doesn't have a timescale but at least one module in design has a timescale.
WARNING: [XSIM 43-4099] "C:/Hung/Viettel/Stage2/ML-KEM/NTT/bu_ntt.v" Line 1. Module bu_ntt doesn't have a timescale but at least one module in design has a timescale.
WARNING: [XSIM 43-4099] "C:/Hung/Viettel/Stage2/ML-KEM/NTT/barret.v" Line 1. Module barret doesn't have a timescale but at least one module in design has a timescale.
WARNING: [XSIM 43-4099] "C:/Hung/Viettel/Stage2/ML-KEM/NTT/barret.v" Line 1. Module barret doesn't have a timescale but at least one module in design has a timescale.
WARNING: [XSIM 43-4099] "C:/Hung/Viettel/Stage2/ML-KEM/NTT/barret.v" Line 1. Module barret doesn't have a timescale but at least one module in design has a timescale.
WARNING: [XSIM 43-4099] "C:/Hung/Viettel/Stage2/ML-KEM/NTT/mul.v" Line 1. Module mul_default doesn't have a timescale but at least one module in design has a timescale.
WARNING: [XSIM 43-4099] "C:/Hung/Viettel/Stage2/ML-KEM/NTT/BoothDecode.v" Line 1. Module BoothDecode doesn't have a timescale but at least one module in design has a timescale.
WARNING: [XSIM 43-4099] "C:/Hung/Viettel/Stage2/ML-KEM/NTT/BoothDecode.v" Line 1. Module BoothDecode doesn't have a timescale but at least one module in design has a timescale.
WARNING: [XSIM 43-4099] "C:/Hung/Viettel/Stage2/ML-KEM/NTT/BoothDecode.v" Line 1. Module BoothDecode doesn't have a timescale but at least one module in design has a timescale.
WARNING: [XSIM 43-4099] "C:/Hung/Viettel/Stage2/ML-KEM/NTT/BoothDecode.v" Line 1. Module BoothDecode doesn't have a timescale but at least one module in design has a timescale.
WARNING: [XSIM 43-4099] "C:/Hung/Viettel/Stage2/ML-KEM/NTT/BoothDecode.v" Line 1. Module BoothDecode doesn't have a timescale but at least one module in design has a timescale.
WARNING: [XSIM 43-4099] "C:/Hung/Viettel/Stage2/ML-KEM/NTT/BoothDecode.v" Line 1. Module BoothDecode doesn't have a timescale but at least one module in design has a timescale.
WARNING: [XSIM 43-4099] "C:/Hung/Viettel/Stage2/ML-KEM/NTT/BoothDecode.v" Line 1. Module BoothDecode doesn't have a timescale but at least one module in design has a timescale.
WARNING: [XSIM 43-4099] "C:/Hung/Viettel/Stage2/ML-KEM/NTT/BoothDecode.v" Line 1. Module BoothDecode doesn't have a timescale but at least one module in design has a timescale.
WARNING: [XSIM 43-4099] "C:/Hung/Viettel/Stage2/ML-KEM/NTT/bu_intt.v" Line 1. Module bu_intt doesn't have a timescale but at least one module in design has a timescale.
WARNING: [XSIM 43-4099] "C:/Hung/Viettel/Stage2/ML-KEM/NTT/barret.v" Line 1. Module barret doesn't have a timescale but at least one module in design has a timescale.
WARNING: [XSIM 43-4099] "C:/Hung/Viettel/Stage2/ML-KEM/NTT/barret.v" Line 1. Module barret doesn't have a timescale but at least one module in design has a timescale.
WARNING: [XSIM 43-4099] "C:/Hung/Viettel/Stage2/ML-KEM/NTT/barret.v" Line 1. Module barret doesn't have a timescale but at least one module in design has a timescale.
WARNING: [XSIM 43-4099] "C:/Hung/Viettel/Stage2/ML-KEM/NTT/mul.v" Line 1. Module mul_default doesn't have a timescale but at least one module in design has a timescale.
WARNING: [XSIM 43-4099] "C:/Hung/Viettel/Stage2/ML-KEM/NTT/BoothDecode.v" Line 1. Module BoothDecode doesn't have a timescale but at least one module in design has a timescale.
WARNING: [XSIM 43-4099] "C:/Hung/Viettel/Stage2/ML-KEM/NTT/BoothDecode.v" Line 1. Module BoothDecode doesn't have a timescale but at least one module in design has a timescale.
WARNING: [XSIM 43-4099] "C:/Hung/Viettel/Stage2/ML-KEM/NTT/BoothDecode.v" Line 1. Module BoothDecode doesn't have a timescale but at least one module in design has a timescale.
WARNING: [XSIM 43-4099] "C:/Hung/Viettel/Stage2/ML-KEM/NTT/BoothDecode.v" Line 1. Module BoothDecode doesn't have a timescale but at least one module in design has a timescale.
WARNING: [XSIM 43-4099] "C:/Hung/Viettel/Stage2/ML-KEM/NTT/BoothDecode.v" Line 1. Module BoothDecode doesn't have a timescale but at least one module in design has a timescale.
WARNING: [XSIM 43-4099] "C:/Hung/Viettel/Stage2/ML-KEM/NTT/BoothDecode.v" Line 1. Module BoothDecode doesn't have a timescale but at least one module in design has a timescale.
WARNING: [XSIM 43-4099] "C:/Hung/Viettel/Stage2/ML-KEM/NTT/BoothDecode.v" Line 1. Module BoothDecode doesn't have a timescale but at least one module in design has a timescale.
WARNING: [XSIM 43-4099] "C:/Hung/Viettel/Stage2/ML-KEM/NTT/BoothDecode.v" Line 1. Module BoothDecode doesn't have a timescale but at least one module in design has a timescale.
WARNING: [XSIM 43-4099] "C:/Hung/Viettel/Stage2/ML-KEM/NTT/normalize_output.v" Line 1. Module normalize_output doesn't have a timescale but at least one module in design has a timescale.
WARNING: [XSIM 43-4099] "C:/Hung/Viettel/Stage2/ML-KEM/NTT/barret.v" Line 1. Module barret doesn't have a timescale but at least one module in design has a timescale.
WARNING: [XSIM 43-4099] "C:/Hung/Viettel/Stage2/ML-KEM/NTT/barret.v" Line 1. Module barret doesn't have a timescale but at least one module in design has a timescale.
Completed simulation data flow analysis
Time Resolution for simulation is 1ps
Compiling module xil_defaultlib.MyBootROM
Compiling module xil_defaultlib.bram_default
Compiling module xil_defaultlib.AddressGenerator
Compiling module xil_defaultlib.barret
Compiling module xil_defaultlib.BoothDecode
Compiling module xil_defaultlib.mul_default
Compiling module xil_defaultlib.bu_ntt
Compiling module xil_defaultlib.bu_intt
Compiling module xil_defaultlib.normalize_output
Compiling module xil_defaultlib.top
Compiling module xil_defaultlib.tb_top
Compiling module xil_defaultlib.glbl
Built simulation snapshot tb_top_behav
