Copyright 1986-2023 Xilinx, Inc. All Rights Reserved.
--------------------------------------------------------------------------------------
| Tool Version : Vivado v.2022.2.2 (win64) Build 3788238 Tue Feb 21 20:00:34 MST 2023
| Date         : Fri Aug  8 15:48:07 2025
| Host         : DESKTOP-DA5EM0P running 64-bit major release  (build 9200)
| Command      : report_control_sets -verbose -file top_control_sets_placed.rpt
| Design       : top
| Device       : xczu7ev
--------------------------------------------------------------------------------------

Control Set Information

Table of Contents
-----------------
1. Summary
2. Histogram
3. Flip-Flop Distribution
4. Detailed Control Set Information

1. Summary
----------

+----------------------------------------------------------+-------+
|                          Status                          | Count |
+----------------------------------------------------------+-------+
| Total control sets                                       |   264 |
|    Minimum number of control sets                        |   264 |
|    Addition due to synthesis replication                 |     0 |
|    Addition due to physical synthesis replication        |     0 |
| Unused register locations in slices containing registers |    12 |
+----------------------------------------------------------+-------+
* Control sets can be merged at opt_design using control_set_merge or merge_equivalent_drivers
** Run report_qor_suggestions for automated merging and remapping suggestions


2. Histogram
------------

+--------------------+-------+
|       Fanout       | Count |
+--------------------+-------+
| Total control sets |   264 |
| >= 0 to < 4        |     0 |
| >= 4 to < 6        |     0 |
| >= 6 to < 8        |     1 |
| >= 8 to < 10       |     2 |
| >= 10 to < 12      |     0 |
| >= 12 to < 14      |     1 |
| >= 14 to < 16      |     1 |
| >= 16              |   259 |
+--------------------+-------+
* Control sets can be remapped at either synth_design or opt_design


3. Flip-Flop Distribution
-------------------------

+--------------+-----------------------+------------------------+-----------------+--------------+
| Clock Enable | Synchronous Set/Reset | Asynchronous Set/Reset | Total Registers | Total Slices |
+--------------+-----------------------+------------------------+-----------------+--------------+
| No           | No                    | No                     |              89 |           22 |
| No           | No                    | Yes                    |            1771 |          373 |
| No           | Yes                   | No                     |               0 |            0 |
| Yes          | No                    | No                     |               0 |            0 |
| Yes          | No                    | Yes                    |            4184 |         1260 |
| Yes          | Yes                   | No                     |               0 |            0 |
+--------------+-----------------------+------------------------+-----------------+--------------+


4. Detailed Control Set Information
-----------------------------------

+----------------+--------------------------------+-------------------+------------------+----------------+--------------+
|  Clock Signal  |          Enable Signal         |  Set/Reset Signal | Slice Load Count | Bel Load Count | Bels / Slice |
+----------------+--------------------------------+-------------------+------------------+----------------+--------------+
|  clk_IBUF_BUFG | AddrGend/E[0]                  | rst_n_IBUF_inst/O |                2 |              6 |         3.00 |
|  clk_IBUF_BUFG | count_addr                     | rst_n_IBUF_inst/O |                4 |              8 |         2.00 |
|  clk_IBUF_BUFG | AddrGend/l[8]_i_1_n_0          | rst_n_IBUF_inst/O |                5 |              9 |         1.80 |
|  clk_IBUF_BUFG | AddrGend/l_reg[7]_0[0]         | rst_n_IBUF_inst/O |                6 |             12 |         2.00 |
|  clk_IBUF_BUFG | AddrGend/zetas[6]_i_1_n_0      | rst_n_IBUF_inst/O |                3 |             14 |         4.67 |
|  clk_IBUF_BUFG | bram_inst/mem[12][15]_i_1_n_0  | rst_n_IBUF_inst/O |                6 |             16 |         2.67 |
|  clk_IBUF_BUFG | bram_inst/mem[105][15]_i_1_n_0 | rst_n_IBUF_inst/O |                7 |             16 |         2.29 |
|  clk_IBUF_BUFG | bram_inst/mem[108][15]_i_1_n_0 | rst_n_IBUF_inst/O |                8 |             16 |         2.00 |
|  clk_IBUF_BUFG | bram_inst/mem[115][15]_i_1_n_0 | rst_n_IBUF_inst/O |                6 |             16 |         2.67 |
|  clk_IBUF_BUFG | bram_inst/mem[118][15]_i_1_n_0 | rst_n_IBUF_inst/O |                6 |             16 |         2.67 |
|  clk_IBUF_BUFG | bram_inst/mem[129][15]_i_1_n_0 | rst_n_IBUF_inst/O |                4 |             16 |         4.00 |
|  clk_IBUF_BUFG | bram_inst/mem[10][15]_i_1_n_0  | rst_n_IBUF_inst/O |                6 |             16 |         2.67 |
|  clk_IBUF_BUFG | bram_inst/mem[127][15]_i_1_n_0 | rst_n_IBUF_inst/O |                8 |             16 |         2.00 |
|  clk_IBUF_BUFG | bram_inst/mem[116][15]_i_1_n_0 | rst_n_IBUF_inst/O |                6 |             16 |         2.67 |
|  clk_IBUF_BUFG | bram_inst/mem[131][15]_i_1_n_0 | rst_n_IBUF_inst/O |                8 |             16 |         2.00 |
|  clk_IBUF_BUFG | bram_inst/mem[117][15]_i_1_n_0 | rst_n_IBUF_inst/O |                6 |             16 |         2.67 |
|  clk_IBUF_BUFG | bram_inst/mem[130][15]_i_1_n_0 | rst_n_IBUF_inst/O |                8 |             16 |         2.00 |
|  clk_IBUF_BUFG | bram_inst/mem[133][15]_i_1_n_0 | rst_n_IBUF_inst/O |                8 |             16 |         2.00 |
|  clk_IBUF_BUFG | bram_inst/mem[135][15]_i_1_n_0 | rst_n_IBUF_inst/O |                7 |             16 |         2.29 |
|  clk_IBUF_BUFG | bram_inst/mem[136][15]_i_1_n_0 | rst_n_IBUF_inst/O |                5 |             16 |         3.20 |
|  clk_IBUF_BUFG | bram_inst/mem[137][15]_i_1_n_0 | rst_n_IBUF_inst/O |                7 |             16 |         2.29 |
|  clk_IBUF_BUFG | bram_inst/mem[109][15]_i_1_n_0 | rst_n_IBUF_inst/O |                8 |             16 |         2.00 |
|  clk_IBUF_BUFG | bram_inst/mem[119][15]_i_1_n_0 | rst_n_IBUF_inst/O |                5 |             16 |         3.20 |
|  clk_IBUF_BUFG | bram_inst/mem[11][15]_i_1_n_0  | rst_n_IBUF_inst/O |                5 |             16 |         3.20 |
|  clk_IBUF_BUFG | bram_inst/mem[121][15]_i_1_n_0 | rst_n_IBUF_inst/O |                7 |             16 |         2.29 |
|  clk_IBUF_BUFG | bram_inst/mem[111][15]_i_1_n_0 | rst_n_IBUF_inst/O |                6 |             16 |         2.67 |
|  clk_IBUF_BUFG | bram_inst/mem[122][15]_i_1_n_0 | rst_n_IBUF_inst/O |                7 |             16 |         2.29 |
|  clk_IBUF_BUFG | bram_inst/mem[123][15]_i_1_n_0 | rst_n_IBUF_inst/O |                7 |             16 |         2.29 |
|  clk_IBUF_BUFG | bram_inst/mem[110][15]_i_1_n_0 | rst_n_IBUF_inst/O |                6 |             16 |         2.67 |
|  clk_IBUF_BUFG | bram_inst/mem[120][15]_i_1_n_0 | rst_n_IBUF_inst/O |                8 |             16 |         2.00 |
|  clk_IBUF_BUFG | bram_inst/mem[124][15]_i_1_n_0 | rst_n_IBUF_inst/O |                9 |             16 |         1.78 |
|  clk_IBUF_BUFG | bram_inst/mem[126][15]_i_1_n_0 | rst_n_IBUF_inst/O |                6 |             16 |         2.67 |
|  clk_IBUF_BUFG | bram_inst/mem[128][15]_i_1_n_0 | rst_n_IBUF_inst/O |                5 |             16 |         3.20 |
|  clk_IBUF_BUFG | bram_inst/mem[161][15]_i_1_n_0 | rst_n_IBUF_inst/O |                8 |             16 |         2.00 |
|  clk_IBUF_BUFG | bram_inst/mem[134][15]_i_1_n_0 | rst_n_IBUF_inst/O |                8 |             16 |         2.00 |
|  clk_IBUF_BUFG | bram_inst/mem[132][15]_i_1_n_0 | rst_n_IBUF_inst/O |                6 |             16 |         2.67 |
|  clk_IBUF_BUFG | bram_inst/mem[125][15]_i_1_n_0 | rst_n_IBUF_inst/O |                4 |             16 |         4.00 |
|  clk_IBUF_BUFG | bram_inst/mem[114][15]_i_1_n_0 | rst_n_IBUF_inst/O |                7 |             16 |         2.29 |
|  clk_IBUF_BUFG | bram_inst/mem[112][15]_i_1_n_0 | rst_n_IBUF_inst/O |                5 |             16 |         3.20 |
|  clk_IBUF_BUFG | bram_inst/mem[113][15]_i_1_n_0 | rst_n_IBUF_inst/O |                6 |             16 |         2.67 |
|  clk_IBUF_BUFG | bram_inst/mem[158][15]_i_1_n_0 | rst_n_IBUF_inst/O |                9 |             16 |         1.78 |
|  clk_IBUF_BUFG | bram_inst/mem[160][15]_i_1_n_0 | rst_n_IBUF_inst/O |                4 |             16 |         4.00 |
|  clk_IBUF_BUFG | bram_inst/mem[153][15]_i_1_n_0 | rst_n_IBUF_inst/O |                4 |             16 |         4.00 |
|  clk_IBUF_BUFG | bram_inst/mem[143][15]_i_1_n_0 | rst_n_IBUF_inst/O |                7 |             16 |         2.29 |
|  clk_IBUF_BUFG | bram_inst/mem[148][15]_i_1_n_0 | rst_n_IBUF_inst/O |                5 |             16 |         3.20 |
|  clk_IBUF_BUFG | bram_inst/mem[164][15]_i_1_n_0 | rst_n_IBUF_inst/O |                8 |             16 |         2.00 |
|  clk_IBUF_BUFG | bram_inst/mem[165][15]_i_1_n_0 | rst_n_IBUF_inst/O |                6 |             16 |         2.67 |
|  clk_IBUF_BUFG | bram_inst/mem[166][15]_i_1_n_0 | rst_n_IBUF_inst/O |                9 |             16 |         1.78 |
|  clk_IBUF_BUFG | bram_inst/mem[147][15]_i_1_n_0 | rst_n_IBUF_inst/O |                5 |             16 |         3.20 |
|  clk_IBUF_BUFG | bram_inst/mem[168][15]_i_1_n_0 | rst_n_IBUF_inst/O |                5 |             16 |         3.20 |
|  clk_IBUF_BUFG | bram_inst/mem[16][15]_i_1_n_0  | rst_n_IBUF_inst/O |                3 |             16 |         5.33 |
|  clk_IBUF_BUFG | bram_inst/mem[146][15]_i_1_n_0 | rst_n_IBUF_inst/O |                9 |             16 |         1.78 |
|  clk_IBUF_BUFG | bram_inst/mem[151][15]_i_1_n_0 | rst_n_IBUF_inst/O |                5 |             16 |         3.20 |
|  clk_IBUF_BUFG | bram_inst/mem[141][15]_i_1_n_0 | rst_n_IBUF_inst/O |                8 |             16 |         2.00 |
|  clk_IBUF_BUFG | bram_inst/mem[144][15]_i_1_n_0 | rst_n_IBUF_inst/O |                6 |             16 |         2.67 |
|  clk_IBUF_BUFG | bram_inst/mem[152][15]_i_1_n_0 | rst_n_IBUF_inst/O |                8 |             16 |         2.00 |
|  clk_IBUF_BUFG | bram_inst/mem[140][15]_i_1_n_0 | rst_n_IBUF_inst/O |               10 |             16 |         1.60 |
|  clk_IBUF_BUFG | bram_inst/mem[155][15]_i_1_n_0 | rst_n_IBUF_inst/O |                9 |             16 |         1.78 |
|  clk_IBUF_BUFG | bram_inst/mem[162][15]_i_1_n_0 | rst_n_IBUF_inst/O |                8 |             16 |         2.00 |
|  clk_IBUF_BUFG | bram_inst/mem[163][15]_i_1_n_0 | rst_n_IBUF_inst/O |                8 |             16 |         2.00 |
|  clk_IBUF_BUFG | bram_inst/mem[170][15]_i_1_n_0 | rst_n_IBUF_inst/O |                8 |             16 |         2.00 |
|  clk_IBUF_BUFG | bram_inst/mem[145][15]_i_1_n_0 | rst_n_IBUF_inst/O |                9 |             16 |         1.78 |
|  clk_IBUF_BUFG | bram_inst/mem[154][15]_i_1_n_0 | rst_n_IBUF_inst/O |                9 |             16 |         1.78 |
|  clk_IBUF_BUFG | bram_inst/mem[171][15]_i_1_n_0 | rst_n_IBUF_inst/O |                7 |             16 |         2.29 |
|  clk_IBUF_BUFG | bram_inst/mem[174][15]_i_1_n_0 | rst_n_IBUF_inst/O |                9 |             16 |         1.78 |
|  clk_IBUF_BUFG | bram_inst/mem[149][15]_i_1_n_0 | rst_n_IBUF_inst/O |                9 |             16 |         1.78 |
|  clk_IBUF_BUFG | bram_inst/mem[102][15]_i_1_n_0 | rst_n_IBUF_inst/O |                8 |             16 |         2.00 |
|  clk_IBUF_BUFG | bram_inst/mem[167][15]_i_1_n_0 | rst_n_IBUF_inst/O |                8 |             16 |         2.00 |
|  clk_IBUF_BUFG | bram_inst/mem[172][15]_i_1_n_0 | rst_n_IBUF_inst/O |                6 |             16 |         2.67 |
|  clk_IBUF_BUFG | bram_inst/mem[157][15]_i_1_n_0 | rst_n_IBUF_inst/O |                6 |             16 |         2.67 |
|  clk_IBUF_BUFG | bram_inst/mem[169][15]_i_1_n_0 | rst_n_IBUF_inst/O |                8 |             16 |         2.00 |
|  clk_IBUF_BUFG | bram_inst/mem[173][15]_i_1_n_0 | rst_n_IBUF_inst/O |                9 |             16 |         1.78 |
|  clk_IBUF_BUFG | bram_inst/mem[14][15]_i_1_n_0  | rst_n_IBUF_inst/O |                6 |             16 |         2.67 |
|  clk_IBUF_BUFG | bram_inst/mem[150][15]_i_1_n_0 | rst_n_IBUF_inst/O |                5 |             16 |         3.20 |
|  clk_IBUF_BUFG | bram_inst/mem[159][15]_i_1_n_0 | rst_n_IBUF_inst/O |                4 |             16 |         4.00 |
|  clk_IBUF_BUFG | bram_inst/mem[13][15]_i_1_n_0  | rst_n_IBUF_inst/O |                7 |             16 |         2.29 |
|  clk_IBUF_BUFG | bram_inst/mem[142][15]_i_1_n_0 | rst_n_IBUF_inst/O |                4 |             16 |         4.00 |
|  clk_IBUF_BUFG | bram_inst/mem[138][15]_i_1_n_0 | rst_n_IBUF_inst/O |                5 |             16 |         3.20 |
|  clk_IBUF_BUFG | bram_inst/mem[139][15]_i_1_n_0 | rst_n_IBUF_inst/O |                6 |             16 |         2.67 |
|  clk_IBUF_BUFG | bram_inst/mem[15][15]_i_1_n_0  | rst_n_IBUF_inst/O |                7 |             16 |         2.29 |
|  clk_IBUF_BUFG | bram_inst/mem[156][15]_i_1_n_0 | rst_n_IBUF_inst/O |                8 |             16 |         2.00 |
|  clk_IBUF_BUFG | bram_inst/mem[192][15]_i_1_n_0 | rst_n_IBUF_inst/O |                6 |             16 |         2.67 |
|  clk_IBUF_BUFG | bram_inst/mem[178][15]_i_1_n_0 | rst_n_IBUF_inst/O |                5 |             16 |         3.20 |
|  clk_IBUF_BUFG | bram_inst/mem[186][15]_i_1_n_0 | rst_n_IBUF_inst/O |                9 |             16 |         1.78 |
|  clk_IBUF_BUFG | bram_inst/mem[176][15]_i_1_n_0 | rst_n_IBUF_inst/O |                9 |             16 |         1.78 |
|  clk_IBUF_BUFG | bram_inst/mem[193][15]_i_1_n_0 | rst_n_IBUF_inst/O |                8 |             16 |         2.00 |
|  clk_IBUF_BUFG | bram_inst/mem[179][15]_i_1_n_0 | rst_n_IBUF_inst/O |                6 |             16 |         2.67 |
|  clk_IBUF_BUFG | bram_inst/mem[181][15]_i_1_n_0 | rst_n_IBUF_inst/O |               12 |             16 |         1.33 |
|  clk_IBUF_BUFG | bram_inst/mem[185][15]_i_1_n_0 | rst_n_IBUF_inst/O |                8 |             16 |         2.00 |
|  clk_IBUF_BUFG | bram_inst/mem[17][15]_i_1_n_0  | rst_n_IBUF_inst/O |                6 |             16 |         2.67 |
|  clk_IBUF_BUFG | bram_inst/mem[183][15]_i_1_n_0 | rst_n_IBUF_inst/O |                7 |             16 |         2.29 |
|  clk_IBUF_BUFG | bram_inst/mem[18][15]_i_1_n_0  | rst_n_IBUF_inst/O |                4 |             16 |         4.00 |
|  clk_IBUF_BUFG | bram_inst/mem[190][15]_i_1_n_0 | rst_n_IBUF_inst/O |                7 |             16 |         2.29 |
|  clk_IBUF_BUFG | bram_inst/mem[191][15]_i_1_n_0 | rst_n_IBUF_inst/O |               11 |             16 |         1.45 |
|  clk_IBUF_BUFG | bram_inst/mem[182][15]_i_1_n_0 | rst_n_IBUF_inst/O |                5 |             16 |         3.20 |
|  clk_IBUF_BUFG | bram_inst/mem[175][15]_i_1_n_0 | rst_n_IBUF_inst/O |                7 |             16 |         2.29 |
|  clk_IBUF_BUFG | bram_inst/mem[184][15]_i_1_n_0 | rst_n_IBUF_inst/O |                6 |             16 |         2.67 |
|  clk_IBUF_BUFG | bram_inst/mem[189][15]_i_1_n_0 | rst_n_IBUF_inst/O |                6 |             16 |         2.67 |
|  clk_IBUF_BUFG | bram_inst/mem[187][15]_i_1_n_0 | rst_n_IBUF_inst/O |                8 |             16 |         2.00 |
|  clk_IBUF_BUFG | bram_inst/mem[177][15]_i_1_n_0 | rst_n_IBUF_inst/O |               10 |             16 |         1.60 |
|  clk_IBUF_BUFG | bram_inst/mem[180][15]_i_1_n_0 | rst_n_IBUF_inst/O |                7 |             16 |         2.29 |
|  clk_IBUF_BUFG | bram_inst/mem[188][15]_i_1_n_0 | rst_n_IBUF_inst/O |                8 |             16 |         2.00 |
|  clk_IBUF_BUFG | bram_inst/mem[208][15]_i_1_n_0 | rst_n_IBUF_inst/O |                6 |             16 |         2.67 |
|  clk_IBUF_BUFG | bram_inst/mem[200][15]_i_1_n_0 | rst_n_IBUF_inst/O |                6 |             16 |         2.67 |
|  clk_IBUF_BUFG | bram_inst/mem[196][15]_i_1_n_0 | rst_n_IBUF_inst/O |                7 |             16 |         2.29 |
|  clk_IBUF_BUFG | bram_inst/mem[197][15]_i_1_n_0 | rst_n_IBUF_inst/O |               11 |             16 |         1.45 |
|  clk_IBUF_BUFG | bram_inst/mem[198][15]_i_1_n_0 | rst_n_IBUF_inst/O |                7 |             16 |         2.29 |
|  clk_IBUF_BUFG | bram_inst/mem[201][15]_i_1_n_0 | rst_n_IBUF_inst/O |                6 |             16 |         2.67 |
|  clk_IBUF_BUFG | bram_inst/mem[202][15]_i_1_n_0 | rst_n_IBUF_inst/O |                9 |             16 |         1.78 |
|  clk_IBUF_BUFG | bram_inst/mem[203][15]_i_1_n_0 | rst_n_IBUF_inst/O |                6 |             16 |         2.67 |
|  clk_IBUF_BUFG | bram_inst/mem[194][15]_i_1_n_0 | rst_n_IBUF_inst/O |                7 |             16 |         2.29 |
|  clk_IBUF_BUFG | bram_inst/mem[195][15]_i_1_n_0 | rst_n_IBUF_inst/O |                5 |             16 |         3.20 |
|  clk_IBUF_BUFG | bram_inst/mem[1][15]_i_1_n_0   | rst_n_IBUF_inst/O |                8 |             16 |         2.00 |
|  clk_IBUF_BUFG | bram_inst/mem[204][15]_i_1_n_0 | rst_n_IBUF_inst/O |                6 |             16 |         2.67 |
|  clk_IBUF_BUFG | bram_inst/mem[205][15]_i_1_n_0 | rst_n_IBUF_inst/O |                6 |             16 |         2.67 |
|  clk_IBUF_BUFG | bram_inst/mem[206][15]_i_1_n_0 | rst_n_IBUF_inst/O |                7 |             16 |         2.29 |
|  clk_IBUF_BUFG | bram_inst/mem[207][15]_i_1_n_0 | rst_n_IBUF_inst/O |                5 |             16 |         3.20 |
|  clk_IBUF_BUFG | bram_inst/mem[19][15]_i_1_n_0  | rst_n_IBUF_inst/O |                6 |             16 |         2.67 |
|  clk_IBUF_BUFG | bram_inst/mem[199][15]_i_1_n_0 | rst_n_IBUF_inst/O |                8 |             16 |         2.00 |
|  clk_IBUF_BUFG | bram_inst/mem[212][15]_i_1_n_0 | rst_n_IBUF_inst/O |                9 |             16 |         1.78 |
|  clk_IBUF_BUFG | bram_inst/mem[225][15]_i_1_n_0 | rst_n_IBUF_inst/O |                6 |             16 |         2.67 |
|  clk_IBUF_BUFG | bram_inst/mem[209][15]_i_1_n_0 | rst_n_IBUF_inst/O |                5 |             16 |         3.20 |
|  clk_IBUF_BUFG | bram_inst/mem[214][15]_i_1_n_0 | rst_n_IBUF_inst/O |                5 |             16 |         3.20 |
|  clk_IBUF_BUFG | bram_inst/mem[21][15]_i_1_n_0  | rst_n_IBUF_inst/O |                3 |             16 |         5.33 |
|  clk_IBUF_BUFG | bram_inst/mem[210][15]_i_1_n_0 | rst_n_IBUF_inst/O |                6 |             16 |         2.67 |
|  clk_IBUF_BUFG | bram_inst/mem[213][15]_i_1_n_0 | rst_n_IBUF_inst/O |                5 |             16 |         3.20 |
|  clk_IBUF_BUFG | bram_inst/mem[211][15]_i_1_n_0 | rst_n_IBUF_inst/O |                6 |             16 |         2.67 |
|  clk_IBUF_BUFG | bram_inst/mem[221][15]_i_1_n_0 | rst_n_IBUF_inst/O |                7 |             16 |         2.29 |
|  clk_IBUF_BUFG | bram_inst/mem[218][15]_i_1_n_0 | rst_n_IBUF_inst/O |                7 |             16 |         2.29 |
|  clk_IBUF_BUFG | bram_inst/mem[216][15]_i_1_n_0 | rst_n_IBUF_inst/O |                8 |             16 |         2.00 |
|  clk_IBUF_BUFG | bram_inst/mem[222][15]_i_1_n_0 | rst_n_IBUF_inst/O |                3 |             16 |         5.33 |
|  clk_IBUF_BUFG | bram_inst/mem[226][15]_i_1_n_0 | rst_n_IBUF_inst/O |                8 |             16 |         2.00 |
|  clk_IBUF_BUFG | bram_inst/mem[220][15]_i_1_n_0 | rst_n_IBUF_inst/O |                8 |             16 |         2.00 |
|  clk_IBUF_BUFG | bram_inst/mem[227][15]_i_1_n_0 | rst_n_IBUF_inst/O |                8 |             16 |         2.00 |
|  clk_IBUF_BUFG | bram_inst/mem[228][15]_i_1_n_0 | rst_n_IBUF_inst/O |                6 |             16 |         2.67 |
|  clk_IBUF_BUFG | bram_inst/mem[219][15]_i_1_n_0 | rst_n_IBUF_inst/O |                7 |             16 |         2.29 |
|  clk_IBUF_BUFG | bram_inst/mem[223][15]_i_1_n_0 | rst_n_IBUF_inst/O |                6 |             16 |         2.67 |
|  clk_IBUF_BUFG | bram_inst/mem[224][15]_i_1_n_0 | rst_n_IBUF_inst/O |                6 |             16 |         2.67 |
|  clk_IBUF_BUFG | bram_inst/mem[229][15]_i_1_n_0 | rst_n_IBUF_inst/O |                6 |             16 |         2.67 |
|  clk_IBUF_BUFG | bram_inst/mem[215][15]_i_1_n_0 | rst_n_IBUF_inst/O |                7 |             16 |         2.29 |
|  clk_IBUF_BUFG | bram_inst/mem[22][15]_i_1_n_0  | rst_n_IBUF_inst/O |                7 |             16 |         2.29 |
|  clk_IBUF_BUFG | bram_inst/mem[20][15]_i_1_n_0  | rst_n_IBUF_inst/O |                4 |             16 |         4.00 |
|  clk_IBUF_BUFG | bram_inst/mem[230][15]_i_1_n_0 | rst_n_IBUF_inst/O |                6 |             16 |         2.67 |
|  clk_IBUF_BUFG | bram_inst/mem[217][15]_i_1_n_0 | rst_n_IBUF_inst/O |                8 |             16 |         2.00 |
|  clk_IBUF_BUFG | bram_inst/mem[240][15]_i_1_n_0 | rst_n_IBUF_inst/O |                7 |             16 |         2.29 |
|  clk_IBUF_BUFG | bram_inst/mem[238][15]_i_1_n_0 | rst_n_IBUF_inst/O |                5 |             16 |         3.20 |
|  clk_IBUF_BUFG | bram_inst/mem[242][15]_i_1_n_0 | rst_n_IBUF_inst/O |                7 |             16 |         2.29 |
|  clk_IBUF_BUFG | bram_inst/mem[234][15]_i_1_n_0 | rst_n_IBUF_inst/O |                6 |             16 |         2.67 |
|  clk_IBUF_BUFG | bram_inst/mem[248][15]_i_1_n_0 | rst_n_IBUF_inst/O |                9 |             16 |         1.78 |
|  clk_IBUF_BUFG | bram_inst/mem[23][15]_i_1_n_0  | rst_n_IBUF_inst/O |                7 |             16 |         2.29 |
|  clk_IBUF_BUFG | bram_inst/mem[243][15]_i_1_n_0 | rst_n_IBUF_inst/O |                7 |             16 |         2.29 |
|  clk_IBUF_BUFG | bram_inst/mem[239][15]_i_1_n_0 | rst_n_IBUF_inst/O |                7 |             16 |         2.29 |
|  clk_IBUF_BUFG | bram_inst/mem[241][15]_i_1_n_0 | rst_n_IBUF_inst/O |                7 |             16 |         2.29 |
|  clk_IBUF_BUFG | bram_inst/mem[245][15]_i_1_n_0 | rst_n_IBUF_inst/O |                8 |             16 |         2.00 |
|  clk_IBUF_BUFG | bram_inst/mem[231][15]_i_1_n_0 | rst_n_IBUF_inst/O |                9 |             16 |         1.78 |
|  clk_IBUF_BUFG | bram_inst/mem[247][15]_i_1_n_0 | rst_n_IBUF_inst/O |               10 |             16 |         1.60 |
|  clk_IBUF_BUFG | bram_inst/mem[233][15]_i_1_n_0 | rst_n_IBUF_inst/O |                7 |             16 |         2.29 |
|  clk_IBUF_BUFG | bram_inst/mem[244][15]_i_1_n_0 | rst_n_IBUF_inst/O |                8 |             16 |         2.00 |
|  clk_IBUF_BUFG | bram_inst/mem[235][15]_i_1_n_0 | rst_n_IBUF_inst/O |                6 |             16 |         2.67 |
|  clk_IBUF_BUFG | bram_inst/mem[236][15]_i_1_n_0 | rst_n_IBUF_inst/O |                7 |             16 |         2.29 |
|  clk_IBUF_BUFG | bram_inst/mem[246][15]_i_1_n_0 | rst_n_IBUF_inst/O |                8 |             16 |         2.00 |
|  clk_IBUF_BUFG | bram_inst/mem[232][15]_i_1_n_0 | rst_n_IBUF_inst/O |                7 |             16 |         2.29 |
|  clk_IBUF_BUFG | bram_inst/mem[237][15]_i_1_n_0 | rst_n_IBUF_inst/O |                5 |             16 |         3.20 |
|  clk_IBUF_BUFG | bram_inst/mem[249][15]_i_1_n_0 | rst_n_IBUF_inst/O |                7 |             16 |         2.29 |
|  clk_IBUF_BUFG | bram_inst/mem[24][15]_i_1_n_0  | rst_n_IBUF_inst/O |                8 |             16 |         2.00 |
|  clk_IBUF_BUFG | bram_inst/mem[36][15]_i_1_n_0  | rst_n_IBUF_inst/O |                9 |             16 |         1.78 |
|  clk_IBUF_BUFG | bram_inst/mem[252][15]_i_1_n_0 | rst_n_IBUF_inst/O |                7 |             16 |         2.29 |
|  clk_IBUF_BUFG | bram_inst/mem[27][15]_i_1_n_0  | rst_n_IBUF_inst/O |                7 |             16 |         2.29 |
|  clk_IBUF_BUFG | bram_inst/mem[253][15]_i_1_n_0 | rst_n_IBUF_inst/O |                6 |             16 |         2.67 |
|  clk_IBUF_BUFG | bram_inst/mem[2][15]_i_1_n_0   | rst_n_IBUF_inst/O |                6 |             16 |         2.67 |
|  clk_IBUF_BUFG | bram_inst/mem[251][15]_i_1_n_0 | rst_n_IBUF_inst/O |                7 |             16 |         2.29 |
|  clk_IBUF_BUFG | bram_inst/mem[255][15]_i_1_n_0 | rst_n_IBUF_inst/O |                7 |             16 |         2.29 |
|  clk_IBUF_BUFG | bram_inst/mem[31][15]_i_1_n_0  | rst_n_IBUF_inst/O |                4 |             16 |         4.00 |
|  clk_IBUF_BUFG | bram_inst/mem[33][15]_i_1_n_0  | rst_n_IBUF_inst/O |                7 |             16 |         2.29 |
|  clk_IBUF_BUFG | bram_inst/mem[26][15]_i_1_n_0  | rst_n_IBUF_inst/O |               10 |             16 |         1.60 |
|  clk_IBUF_BUFG | bram_inst/mem[32][15]_i_1_n_0  | rst_n_IBUF_inst/O |                7 |             16 |         2.29 |
|  clk_IBUF_BUFG | bram_inst/mem[34][15]_i_1_n_0  | rst_n_IBUF_inst/O |                5 |             16 |         3.20 |
|  clk_IBUF_BUFG | bram_inst/mem[29][15]_i_1_n_0  | rst_n_IBUF_inst/O |                3 |             16 |         5.33 |
|  clk_IBUF_BUFG | bram_inst/mem[254][15]_i_1_n_0 | rst_n_IBUF_inst/O |                9 |             16 |         1.78 |
|  clk_IBUF_BUFG | bram_inst/mem[35][15]_i_1_n_0  | rst_n_IBUF_inst/O |                4 |             16 |         4.00 |
|  clk_IBUF_BUFG | bram_inst/mem[250][15]_i_1_n_0 | rst_n_IBUF_inst/O |                5 |             16 |         3.20 |
|  clk_IBUF_BUFG | bram_inst/mem[28][15]_i_1_n_0  | rst_n_IBUF_inst/O |                5 |             16 |         3.20 |
|  clk_IBUF_BUFG | bram_inst/mem[30][15]_i_1_n_0  | rst_n_IBUF_inst/O |                6 |             16 |         2.67 |
|  clk_IBUF_BUFG | bram_inst/mem[25][15]_i_1_n_0  | rst_n_IBUF_inst/O |                8 |             16 |         2.00 |
|  clk_IBUF_BUFG | bram_inst/mem[59][15]_i_1_n_0  | rst_n_IBUF_inst/O |               10 |             16 |         1.60 |
|  clk_IBUF_BUFG | bram_inst/mem[45][15]_i_1_n_0  | rst_n_IBUF_inst/O |                8 |             16 |         2.00 |
|  clk_IBUF_BUFG | bram_inst/mem[5][15]_i_1_n_0   | rst_n_IBUF_inst/O |                6 |             16 |         2.67 |
|  clk_IBUF_BUFG | bram_inst/mem[37][15]_i_1_n_0  | rst_n_IBUF_inst/O |                7 |             16 |         2.29 |
|  clk_IBUF_BUFG | bram_inst/mem[39][15]_i_1_n_0  | rst_n_IBUF_inst/O |                7 |             16 |         2.29 |
|  clk_IBUF_BUFG | bram_inst/mem[60][15]_i_1_n_0  | rst_n_IBUF_inst/O |                9 |             16 |         1.78 |
|  clk_IBUF_BUFG | bram_inst/mem[61][15]_i_1_n_0  | rst_n_IBUF_inst/O |               11 |             16 |         1.45 |
|  clk_IBUF_BUFG | bram_inst/mem[4][15]_i_1_n_0   | rst_n_IBUF_inst/O |                6 |             16 |         2.67 |
|  clk_IBUF_BUFG | bram_inst/mem[38][15]_i_1_n_0  | rst_n_IBUF_inst/O |                8 |             16 |         2.00 |
|  clk_IBUF_BUFG | bram_inst/mem[40][15]_i_1_n_0  | rst_n_IBUF_inst/O |                9 |             16 |         1.78 |
|  clk_IBUF_BUFG | bram_inst/mem[41][15]_i_1_n_0  | rst_n_IBUF_inst/O |                9 |             16 |         1.78 |
|  clk_IBUF_BUFG | bram_inst/mem[53][15]_i_1_n_0  | rst_n_IBUF_inst/O |               12 |             16 |         1.33 |
|  clk_IBUF_BUFG | bram_inst/mem[44][15]_i_1_n_0  | rst_n_IBUF_inst/O |                8 |             16 |         2.00 |
|  clk_IBUF_BUFG | bram_inst/mem[54][15]_i_1_n_0  | rst_n_IBUF_inst/O |                8 |             16 |         2.00 |
|  clk_IBUF_BUFG | bram_inst/mem[50][15]_i_1_n_0  | rst_n_IBUF_inst/O |                8 |             16 |         2.00 |
|  clk_IBUF_BUFG | bram_inst/mem[49][15]_i_1_n_0  | rst_n_IBUF_inst/O |                8 |             16 |         2.00 |
|  clk_IBUF_BUFG | bram_inst/mem[52][15]_i_1_n_0  | rst_n_IBUF_inst/O |               13 |             16 |         1.23 |
|  clk_IBUF_BUFG | bram_inst/mem[55][15]_i_1_n_0  | rst_n_IBUF_inst/O |               11 |             16 |         1.45 |
|  clk_IBUF_BUFG | bram_inst/mem[48][15]_i_1_n_0  | rst_n_IBUF_inst/O |               10 |             16 |         1.60 |
|  clk_IBUF_BUFG | bram_inst/mem[56][15]_i_1_n_0  | rst_n_IBUF_inst/O |               11 |             16 |         1.45 |
|  clk_IBUF_BUFG | bram_inst/mem[51][15]_i_1_n_0  | rst_n_IBUF_inst/O |                6 |             16 |         2.67 |
|  clk_IBUF_BUFG | bram_inst/mem[43][15]_i_1_n_0  | rst_n_IBUF_inst/O |                7 |             16 |         2.29 |
|  clk_IBUF_BUFG | bram_inst/mem[47][15]_i_1_n_0  | rst_n_IBUF_inst/O |                5 |             16 |         3.20 |
|  clk_IBUF_BUFG | bram_inst/mem[42][15]_i_1_n_0  | rst_n_IBUF_inst/O |                6 |             16 |         2.67 |
|  clk_IBUF_BUFG | bram_inst/mem[46][15]_i_1_n_0  | rst_n_IBUF_inst/O |                8 |             16 |         2.00 |
|  clk_IBUF_BUFG | bram_inst/mem[3][15]_i_1_n_0   | rst_n_IBUF_inst/O |                8 |             16 |         2.00 |
|  clk_IBUF_BUFG | bram_inst/mem[57][15]_i_1_n_0  | rst_n_IBUF_inst/O |                9 |             16 |         1.78 |
|  clk_IBUF_BUFG | bram_inst/mem[58][15]_i_1_n_0  | rst_n_IBUF_inst/O |                7 |             16 |         2.29 |
|  clk_IBUF_BUFG | bram_inst/mem[66][15]_i_1_n_0  | rst_n_IBUF_inst/O |                8 |             16 |         2.00 |
|  clk_IBUF_BUFG | bram_inst/mem[88][15]_i_1_n_0  | rst_n_IBUF_inst/O |                7 |             16 |         2.29 |
|  clk_IBUF_BUFG | bram_inst/mem[73][15]_i_1_n_0  | rst_n_IBUF_inst/O |               11 |             16 |         1.45 |
|  clk_IBUF_BUFG | bram_inst/mem[77][15]_i_1_n_0  | rst_n_IBUF_inst/O |                8 |             16 |         2.00 |
|  clk_IBUF_BUFG | bram_inst/mem[63][15]_i_1_n_0  | rst_n_IBUF_inst/O |                9 |             16 |         1.78 |
|  clk_IBUF_BUFG | bram_inst/mem[83][15]_i_1_n_0  | rst_n_IBUF_inst/O |               10 |             16 |         1.60 |
|  clk_IBUF_BUFG | bram_inst/mem[87][15]_i_1_n_0  | rst_n_IBUF_inst/O |                6 |             16 |         2.67 |
|  clk_IBUF_BUFG | bram_inst/mem[62][15]_i_1_n_0  | rst_n_IBUF_inst/O |                8 |             16 |         2.00 |
|  clk_IBUF_BUFG | bram_inst/mem[75][15]_i_1_n_0  | rst_n_IBUF_inst/O |               10 |             16 |         1.60 |
|  clk_IBUF_BUFG | bram_inst/mem[76][15]_i_1_n_0  | rst_n_IBUF_inst/O |                8 |             16 |         2.00 |
|  clk_IBUF_BUFG | bram_inst/mem[64][15]_i_1_n_0  | rst_n_IBUF_inst/O |                7 |             16 |         2.29 |
|  clk_IBUF_BUFG | bram_inst/mem[65][15]_i_1_n_0  | rst_n_IBUF_inst/O |               10 |             16 |         1.60 |
|  clk_IBUF_BUFG | bram_inst/mem[69][15]_i_1_n_0  | rst_n_IBUF_inst/O |                7 |             16 |         2.29 |
|  clk_IBUF_BUFG | bram_inst/mem[71][15]_i_1_n_0  | rst_n_IBUF_inst/O |                7 |             16 |         2.29 |
|  clk_IBUF_BUFG | bram_inst/mem[7][15]_i_1_n_0   | rst_n_IBUF_inst/O |                8 |             16 |         2.00 |
|  clk_IBUF_BUFG | bram_inst/mem[67][15]_i_1_n_0  | rst_n_IBUF_inst/O |               10 |             16 |         1.60 |
|  clk_IBUF_BUFG | bram_inst/mem[70][15]_i_1_n_0  | rst_n_IBUF_inst/O |                8 |             16 |         2.00 |
|  clk_IBUF_BUFG | bram_inst/mem[6][15]_i_1_n_0   | rst_n_IBUF_inst/O |                7 |             16 |         2.29 |
|  clk_IBUF_BUFG | bram_inst/mem[72][15]_i_1_n_0  | rst_n_IBUF_inst/O |               10 |             16 |         1.60 |
|  clk_IBUF_BUFG | bram_inst/mem[78][15]_i_1_n_0  | rst_n_IBUF_inst/O |               11 |             16 |         1.45 |
|  clk_IBUF_BUFG | bram_inst/mem[68][15]_i_1_n_0  | rst_n_IBUF_inst/O |                7 |             16 |         2.29 |
|  clk_IBUF_BUFG | bram_inst/mem[81][15]_i_1_n_0  | rst_n_IBUF_inst/O |                6 |             16 |         2.67 |
|  clk_IBUF_BUFG | bram_inst/mem[74][15]_i_1_n_0  | rst_n_IBUF_inst/O |                6 |             16 |         2.67 |
|  clk_IBUF_BUFG | bram_inst/mem[84][15]_i_1_n_0  | rst_n_IBUF_inst/O |                7 |             16 |         2.29 |
|  clk_IBUF_BUFG | bram_inst/mem[85][15]_i_1_n_0  | rst_n_IBUF_inst/O |                8 |             16 |         2.00 |
|  clk_IBUF_BUFG | bram_inst/mem[80][15]_i_1_n_0  | rst_n_IBUF_inst/O |                8 |             16 |         2.00 |
|  clk_IBUF_BUFG | bram_inst/mem[86][15]_i_1_n_0  | rst_n_IBUF_inst/O |                6 |             16 |         2.67 |
|  clk_IBUF_BUFG | bram_inst/mem[79][15]_i_1_n_0  | rst_n_IBUF_inst/O |                8 |             16 |         2.00 |
|  clk_IBUF_BUFG | bram_inst/mem[82][15]_i_1_n_0  | rst_n_IBUF_inst/O |                8 |             16 |         2.00 |
|  clk_IBUF_BUFG | bram_inst/mem[97][15]_i_1_n_0  | rst_n_IBUF_inst/O |                7 |             16 |         2.29 |
|  clk_IBUF_BUFG | bram_inst/mem[98][15]_i_1_n_0  | rst_n_IBUF_inst/O |                7 |             16 |         2.29 |
|  clk_IBUF_BUFG | bram_inst/mem[99][15]_i_1_n_0  | rst_n_IBUF_inst/O |               10 |             16 |         1.60 |
|  clk_IBUF_BUFG | bram_inst/mem[9][15]_i_1_n_0   | rst_n_IBUF_inst/O |                8 |             16 |         2.00 |
|  clk_IBUF_BUFG | bram_inst/mem[93][15]_i_1_n_0  | rst_n_IBUF_inst/O |               10 |             16 |         1.60 |
|  clk_IBUF_BUFG | bram_inst/mem[90][15]_i_1_n_0  | rst_n_IBUF_inst/O |                7 |             16 |         2.29 |
|  clk_IBUF_BUFG | bram_inst/mem[95][15]_i_1_n_0  | rst_n_IBUF_inst/O |               11 |             16 |         1.45 |
|  clk_IBUF_BUFG | bram_inst/mem[94][15]_i_1_n_0  | rst_n_IBUF_inst/O |                9 |             16 |         1.78 |
|  clk_IBUF_BUFG | bram_inst/mem[92][15]_i_1_n_0  | rst_n_IBUF_inst/O |                9 |             16 |         1.78 |
|  clk_IBUF_BUFG | bram_inst/mem[91][15]_i_1_n_0  | rst_n_IBUF_inst/O |                6 |             16 |         2.67 |
|  clk_IBUF_BUFG | bram_inst/mem[8][15]_i_1_n_0   | rst_n_IBUF_inst/O |                8 |             16 |         2.00 |
|  clk_IBUF_BUFG | bram_inst/mem[89][15]_i_1_n_0  | rst_n_IBUF_inst/O |                8 |             16 |         2.00 |
|  clk_IBUF_BUFG | bram_inst/mem[96][15]_i_1_n_0  | rst_n_IBUF_inst/O |                7 |             16 |         2.29 |
|  clk_IBUF_BUFG | bram_inst/mem[0][15]_i_1_n_0   | rst_n_IBUF_inst/O |                3 |             16 |         5.33 |
|  clk_IBUF_BUFG | bram_inst/mem[103][15]_i_1_n_0 | rst_n_IBUF_inst/O |                6 |             16 |         2.67 |
|  clk_IBUF_BUFG | bram_inst/mem[100][15]_i_1_n_0 | rst_n_IBUF_inst/O |               10 |             16 |         1.60 |
|  clk_IBUF_BUFG | bram_inst/mem[107][15]_i_1_n_0 | rst_n_IBUF_inst/O |                6 |             16 |         2.67 |
|  clk_IBUF_BUFG | bram_inst/mem[101][15]_i_1_n_0 | rst_n_IBUF_inst/O |                9 |             16 |         1.78 |
|  clk_IBUF_BUFG | bram_inst/mem[106][15]_i_1_n_0 | rst_n_IBUF_inst/O |                8 |             16 |         2.00 |
|  clk_IBUF_BUFG | bram_inst/mem[104][15]_i_1_n_0 | rst_n_IBUF_inst/O |                7 |             16 |         2.29 |
|  clk_IBUF_BUFG | AddrGend/j[8]_i_1_n_0          | rst_n_IBUF_inst/O |               24 |             39 |         1.62 |
|  clk_IBUF_BUFG |                                |                   |               22 |            178 |         8.09 |
|  clk_IBUF_BUFG |                                | rst_n_IBUF_inst/O |              373 |           1771 |         4.75 |
+----------------+--------------------------------+-------------------+------------------+----------------+--------------+


